/*C1*/SET SCHEMA SYSTEM_LOBS
INSERT INTO BLOCKS VALUES(0,2147483647,0)
COMMIT
/*C2*/SET SCHEMA PUBLIC
\u000d\u000a    create table employee (\u000d\u000a        id bigint generated by default as identity (start with 1),\u000d\u000a        consent_given boolean not null,\u000d\u000a        password varchar(255),\u000d\u000a        role varchar(255),\u000d\u000a        username varchar(255),\u000d\u000a        primary key (id)\u000d\u000a    )
INSERT INTO EMPLOYEE VALUES(1,FALSE,'$2a$10$1orCCSCxBBky4OyglF72wetEiCn/zBeO4.R91tCkgWMOUs.j1bAVK','ADMIN','employee')
COMMIT
INSERT INTO EMPLOYEE VALUES(2,FALSE,'$2a$10$oGdGuY55X4l0x2DBU8x0XOK6/qmNEavtq2ylRicb4g7bIXZkKdjZW','Snickare','Henrik')
COMMIT
DISCONNECT
/*C3*/SET SCHEMA PUBLIC
DISCONNECT
/*C4*/SET SCHEMA PUBLIC
DISCONNECT
/*C5*/SET SCHEMA PUBLIC
DISCONNECT
/*C6*/SET SCHEMA PUBLIC
DISCONNECT
/*C7*/SET SCHEMA PUBLIC
DISCONNECT
/*C8*/SET SCHEMA PUBLIC
DISCONNECT
/*C9*/SET SCHEMA PUBLIC
DISCONNECT
/*C10*/SET SCHEMA PUBLIC
DISCONNECT
/*C11*/SET SCHEMA PUBLIC
DISCONNECT
